<?xml version="1.0" encoding="UTF-8" ?>
<testsuite failures="1" time="1.111" errors="0" skipped="0" tests="1" name="org.opencastproject.analysis.speech.SpeechAnalyzerTest">
  <properties>
    <property name="java.runtime.name" value="Java(TM) SE Runtime Environment"/>
    <property name="sun.boot.library.path" value="/System/Library/Frameworks/JavaVM.framework/Versions/1.6.0/Libraries"/>
    <property name="java.vm.version" value="16.3-b01-279"/>
    <property name="awt.nativeDoubleBuffering" value="true"/>
    <property name="gopherProxySet" value="false"/>
    <property name="mrj.build" value="10M3065"/>
    <property name="java.vm.vendor" value="Apple Inc."/>
    <property name="java.vendor.url" value="http://www.apple.com/"/>
    <property name="path.separator" value=":"/>
    <property name="java.vm.name" value="Java HotSpot(TM) 64-Bit Server VM"/>
    <property name="file.encoding.pkg" value="sun.io"/>
    <property name="user.country" value="US"/>
    <property name="sun.java.launcher" value="SUN_STANDARD"/>
    <property name="sun.os.patch.level" value="unknown"/>
    <property name="java.vm.specification.name" value="Java Virtual Machine Specification"/>
    <property name="user.dir" value="/Users/wunden/Library/Eclipse/Workspace/Opencast/matterhorn/trunk/modules/matterhorn-analysis-speech"/>
    <property name="java.runtime.version" value="1.6.0_20-b02-279-10M3065"/>
    <property name="java.awt.graphicsenv" value="apple.awt.CGraphicsEnvironment"/>
    <property name="basedir" value="/Users/wunden/Library/Eclipse/Workspace/Opencast/matterhorn/trunk/modules/matterhorn-analysis-speech"/>
    <property name="java.endorsed.dirs" value="/System/Library/Frameworks/JavaVM.framework/Versions/1.6.0/Home/lib/endorsed"/>
    <property name="os.arch" value="x86_64"/>
    <property name="surefire.real.class.path" value="/var/folders/cJ/cJLTmn+FF4iq56JgqUd-SE+++TI/-Tmp-/surefirebooter8867488797779306899.jar"/>
    <property name="java.io.tmpdir" value="/var/folders/cJ/cJLTmn+FF4iq56JgqUd-SE+++TI/-Tmp-/"/>
    <property name="line.separator" value="
"/>
    <property name="java.vm.specification.vendor" value="Sun Microsystems Inc."/>
    <property name="os.name" value="Mac OS X"/>
    <property name="sun.jnu.encoding" value="MacRoman"/>
    <property name="java.library.path" value=".:/Library/Java/Extensions:/System/Library/Java/Extensions:/usr/lib/java"/>
    <property name="surefire.test.class.path" value="/Users/wunden/Library/Eclipse/Workspace/Opencast/matterhorn/trunk/modules/matterhorn-analysis-speech/target/test-classes:/Users/wunden/Library/Eclipse/Workspace/Opencast/matterhorn/trunk/modules/matterhorn-analysis-speech/target/classes:/Users/wunden/.m2/repository/org/opencastproject/matterhorn-analysis-api/0.9-SNAPSHOT/matterhorn-analysis-api-0.9-SNAPSHOT.jar:/Users/wunden/.m2/repository/org/opencastproject/matterhorn-kernel/0.9-SNAPSHOT/matterhorn-kernel-0.9-SNAPSHOT.jar:/Users/wunden/.m2/repository/org/apache/servicemix/specs/org.apache.servicemix.specs.jaxb-api-2.1/1.3.0/org.apache.servicemix.specs.jaxb-api-2.1-1.3.0.jar:/Users/wunden/.m2/repository/org/apache/servicemix/specs/org.apache.servicemix.specs.stax-api-1.0/1.3.0/org.apache.servicemix.specs.stax-api-1.0-1.3.0.jar:/Users/wunden/.m2/repository/org/apache/geronimo/specs/geronimo-activation_1.1_spec/1.0.2/geronimo-activation_1.1_spec-1.0.2.jar:/Users/wunden/.m2/repository/javax/ws/rs/jsr311-api/1.1.A/jsr311-api-1.1.A.jar:/Users/wunden/.m2/repository/org/freemarker/freemarker/2.3.15/freemarker-2.3.15.jar:/Users/wunden/.m2/repository/org/apache/httpcomponents/httpclient-osgi/4.0.1/httpclient-osgi-4.0.1.jar:/Users/wunden/.m2/repository/org/apache/httpcomponents/httpclient/4.0.1/httpclient-4.0.1.jar:/Users/wunden/.m2/repository/org/apache/httpcomponents/httpcore/4.0.1/httpcore-4.0.1.jar:/Users/wunden/.m2/repository/commons-logging/commons-logging/1.1.1/commons-logging-1.1.1.jar:/Users/wunden/.m2/repository/commons-codec/commons-codec/1.4/commons-codec-1.4.jar:/Users/wunden/.m2/repository/org/apache/httpcomponents/httpmime/4.0.1/httpmime-4.0.1.jar:/Users/wunden/.m2/repository/org/apache/james/apache-mime4j/0.6/apache-mime4j-0.6.jar:/Users/wunden/.m2/repository/commons-io/commons-io/1.4/commons-io-1.4.jar:/Users/wunden/.m2/repository/commons-lang/commons-lang/2.4/commons-lang-2.4.jar:/Users/wunden/.m2/repository/commons-collections/commons-collections/3.2.1/commons-collections-3.2.1.jar:/Users/wunden/.m2/repository/org/eclipse/persistence/javax.persistence/2.0.0/javax.persistence-2.0.0.jar:/Users/wunden/.m2/repository/org/opencastproject/opencast-truezip/0.1/opencast-truezip-0.1.jar:/Users/wunden/.m2/repository/org/apache/cxf/cxf-bundle-minimal/2.2.7/cxf-bundle-minimal-2.2.7.jar:/Users/wunden/.m2/repository/org/springframework/spring-core/2.5.6/spring-core-2.5.6.jar:/Users/wunden/.m2/repository/org/springframework/spring-beans/2.5.6/spring-beans-2.5.6.jar:/Users/wunden/.m2/repository/org/springframework/spring-context/2.5.6/spring-context-2.5.6.jar:/Users/wunden/.m2/repository/aopalliance/aopalliance/1.0/aopalliance-1.0.jar:/Users/wunden/.m2/repository/org/apache/geronimo/specs/geronimo-annotation_1.0_spec/1.1.1/geronimo-annotation_1.0_spec-1.1.1.jar:/Users/wunden/.m2/repository/javax/xml/bind/jaxb-api/2.1/jaxb-api-2.1.jar:/Users/wunden/.m2/repository/org/apache/geronimo/specs/geronimo-stax-api_1.0_spec/1.0.1/geronimo-stax-api_1.0_spec-1.0.1.jar:/Users/wunden/.m2/repository/wsdl4j/wsdl4j/1.6.2/wsdl4j-1.6.2.jar:/Users/wunden/.m2/repository/org/apache/ws/commons/schema/XmlSchema/1.4.5/XmlSchema-1.4.5.jar:/Users/wunden/.m2/repository/org/codehaus/woodstox/wstx-asl/3.2.9/wstx-asl-3.2.9.jar:/Users/wunden/.m2/repository/org/apache/neethi/neethi/2.0.4/neethi-2.0.4.jar:/Users/wunden/.m2/repository/com/sun/xml/bind/jaxb-impl/2.1.12/jaxb-impl-2.1.12.jar:/Users/wunden/.m2/repository/org/apache/geronimo/specs/geronimo-javamail_1.4_spec/1.6/geronimo-javamail_1.4_spec-1.6.jar:/Users/wunden/.m2/repository/org/springframework/spring-web/2.5.6/spring-web-2.5.6.jar:/Users/wunden/.m2/repository/org/mortbay/jetty/jetty/6.1.21/jetty-6.1.21.jar:/Users/wunden/.m2/repository/org/mortbay/jetty/jetty-util/6.1.21/jetty-util-6.1.21.jar:/Users/wunden/.m2/repository/org/slf4j/slf4j-api/1.5.8/slf4j-api-1.5.8.jar:/Users/wunden/.m2/repository/org/apache/geronimo/specs/geronimo-servlet_2.5_spec/1.2/geronimo-servlet_2.5_spec-1.2.jar:/Users/wunden/.m2/repository/org/apache/geronimo/specs/geronimo-jms_1.1_spec/1.1.1/geronimo-jms_1.1_spec-1.1.1.jar:/Users/wunden/.m2/repository/commons-pool/commons-pool/1.5.2/commons-pool-1.5.2.jar:/Users/wunden/.m2/repository/org/springframework/spring-jms/2.5.6/spring-jms-2.5.6.jar:/Users/wunden/.m2/repository/org/springframework/spring-context-support/2.5.6/spring-context-support-2.5.6.jar:/Users/wunden/.m2/repository/org/springframework/spring-tx/2.5.6/spring-tx-2.5.6.jar:/Users/wunden/.m2/repository/javax/xml/soap/saaj-api/1.3/saaj-api-1.3.jar:/Users/wunden/.m2/repository/com/sun/xml/bind/jaxb-xjc/2.1.12/jaxb-xjc-2.1.12.jar:/Users/wunden/.m2/repository/xml-resolver/xml-resolver/1.2/xml-resolver-1.2.jar:/Users/wunden/.m2/repository/org/apache/geronimo/specs/geronimo-jaxws_2.1_spec/1.0/geronimo-jaxws_2.1_spec-1.0.jar:/Users/wunden/.m2/repository/org/apache/geronimo/specs/geronimo-ws-metadata_2.0_spec/1.1.2/geronimo-ws-metadata_2.0_spec-1.1.2.jar:/Users/wunden/.m2/repository/asm/asm/2.2.3/asm-2.2.3.jar:/Users/wunden/.m2/repository/com/sun/xml/messaging/saaj/saaj-impl/1.3.2/saaj-impl-1.3.2.jar:/Users/wunden/.m2/repository/org/apache/xmlbeans/xmlbeans/2.4.0/xmlbeans-2.4.0.jar:/Users/wunden/.m2/repository/org/apache/ws/security/wss4j/1.5.8/wss4j-1.5.8.jar:/Users/wunden/.m2/repository/org/apache/santuario/xmlsec/1.4.3/xmlsec-1.4.3.jar:/Users/wunden/.m2/repository/xalan/xalan/2.7.1/xalan-2.7.1.jar:/Users/wunden/.m2/repository/xalan/serializer/2.7.1/serializer-2.7.1.jar:/Users/wunden/.m2/repository/xml-apis/xml-apis/1.3.02/xml-apis-1.3.02.jar:/Users/wunden/.m2/repository/org/bouncycastle/bcprov-jdk15/1.43/bcprov-jdk15-1.43.jar:/Users/wunden/.m2/repository/org/apache/abdera/abdera-core/0.4.0-incubating/abdera-core-0.4.0-incubating.jar:/Users/wunden/.m2/repository/org/apache/abdera/abdera-i18n/0.4.0-incubating/abdera-i18n-0.4.0-incubating.jar:/Users/wunden/.m2/repository/org/apache/abdera/abdera-parser/0.4.0-incubating/abdera-parser-0.4.0-incubating.jar:/Users/wunden/.m2/repository/org/apache/ws/commons/axiom/axiom-impl/1.2.7/axiom-impl-1.2.7.jar:/Users/wunden/.m2/repository/org/apache/ws/commons/axiom/axiom-api/1.2.7/axiom-api-1.2.7.jar:/Users/wunden/.m2/repository/jaxen/jaxen/1.1/jaxen-1.1.jar:/Users/wunden/.m2/repository/dom4j/dom4j/1.6.1/dom4j-1.6.1.jar:/Users/wunden/.m2/repository/xerces/xercesImpl/2.6.2/xercesImpl-2.6.2.jar:/Users/wunden/.m2/repository/xom/xom/1.0/xom-1.0.jar:/Users/wunden/.m2/repository/xerces/xmlParserAPIs/2.6.2/xmlParserAPIs-2.6.2.jar:/Users/wunden/.m2/repository/com/ibm/icu/icu4j/2.6.1/icu4j-2.6.1.jar:/Users/wunden/.m2/repository/org/apache/abdera/abdera-extensions-json/0.4.0-incubating/abdera-extensions-json-0.4.0-incubating.jar:/Users/wunden/.m2/repository/org/apache/abdera/abdera-extensions-main/0.4.0-incubating/abdera-extensions-main-0.4.0-incubating.jar:/Users/wunden/.m2/repository/org/codehaus/jettison/jettison/1.2/jettison-1.2.jar:/Users/wunden/.m2/repository/joda-time/joda-time/1.6/joda-time-1.6.jar:/Users/wunden/.m2/repository/org/opencastproject/matterhorn-mpeg7/0.9-SNAPSHOT/matterhorn-mpeg7-0.9-SNAPSHOT.jar:/Users/wunden/.m2/repository/org/opencastproject/matterhorn-metadata-api/0.9-SNAPSHOT/matterhorn-metadata-api-0.9-SNAPSHOT.jar:/Users/wunden/.m2/repository/org/opencastproject/matterhorn-remote-api/0.9-SNAPSHOT/matterhorn-remote-api-0.9-SNAPSHOT.jar:/Users/wunden/.m2/repository/org/opencastproject/matterhorn-workspace-api/0.9-SNAPSHOT/matterhorn-workspace-api-0.9-SNAPSHOT.jar:/Users/wunden/.m2/repository/org/opencastproject/matterhorn-working-file-repository-service-api/0.9-SNAPSHOT/matterhorn-working-file-repository-service-api-0.9-SNAPSHOT.jar:/Users/wunden/.m2/repository/cmu/sphinx/sphinx4/4.0/sphinx4-4.0.jar:/Users/wunden/.m2/repository/cmu/sphinx/js/4.0/js-4.0.jar:/Users/wunden/.m2/repository/cmu/sphinx/jsapi/4.0/jsapi-4.0.jar:/Users/wunden/.m2/repository/cmu/sphinx/tags/4.0/tags-4.0.jar:/Users/wunden/.m2/repository/cmu/sphinx/TIDIGITS_8gau_13dCep_16k_40mel_130Hz_6800Hz/4.0/TIDIGITS_8gau_13dCep_16k_40mel_130Hz_6800Hz-4.0.jar:/Users/wunden/.m2/repository/cmu/sphinx/WSJ_8gau_13dCep_16k_40mel_130Hz_6800Hz/4.0/WSJ_8gau_13dCep_16k_40mel_130Hz_6800Hz-4.0.jar:/Users/wunden/.m2/repository/cmu/sphinx/WSJ_8gau_13dCep_8kHz_31mel_200Hz_3500Hz/4.0/WSJ_8gau_13dCep_8kHz_31mel_200Hz_3500Hz-4.0.jar:/Users/wunden/.m2/repository/org/apache/maven/wagon/wagon-ftp/1.0-alpha-6/wagon-ftp-1.0-alpha-6.jar:/Users/wunden/.m2/repository/commons-net/commons-net/1.4.1/commons-net-1.4.1.jar:/Users/wunden/.m2/repository/oro/oro/2.0.8/oro-2.0.8.jar:/Users/wunden/.m2/repository/org/apache/maven/wagon/wagon-provider-api/1.0-alpha-6/wagon-provider-api-1.0-alpha-6.jar:/Users/wunden/.m2/repository/org/codehaus/plexus/plexus-utils/1.0.4/plexus-utils-1.0.4.jar:/Users/wunden/.m2/repository/org/tritonus/tritonus-share/0.3.6/tritonus-share-0.3.6.jar:/Users/wunden/.m2/repository/org/slf4j/slf4j-simple/1.5.8/slf4j-simple-1.5.8.jar:/Users/wunden/.m2/repository/org/easymock/easymock/2.5.1/easymock-2.5.1.jar:/Users/wunden/.m2/repository/org/osgi/osgi_R4_core/1.0/osgi_R4_core-1.0.jar:/Users/wunden/.m2/repository/org/osgi/osgi_R4_compendium/1.0/osgi_R4_compendium-1.0.jar:/Users/wunden/.m2/repository/junit/junit/4.5/junit-4.5.jar:"/>
    <property name="java.specification.name" value="Java Platform API Specification"/>
    <property name="java.class.version" value="50.0"/>
    <property name="sun.management.compiler" value="HotSpot 64-Bit Server Compiler"/>
    <property name="os.version" value="10.6.4"/>
    <property name="http.nonProxyHosts" value="local|*.local|169.254/16|*.169.254/16"/>
    <property name="user.home" value="/Users/wunden"/>
    <property name="user.timezone" value="America/Los_Angeles"/>
    <property name="java.awt.printerjob" value="apple.awt.CPrinterJob"/>
    <property name="java.specification.version" value="1.6"/>
    <property name="file.encoding" value="MacRoman"/>
    <property name="user.name" value="wunden"/>
    <property name="java.class.path" value="/Users/wunden/Library/Eclipse/Workspace/Opencast/matterhorn/trunk/modules/matterhorn-analysis-speech/target/test-classes:/Users/wunden/Library/Eclipse/Workspace/Opencast/matterhorn/trunk/modules/matterhorn-analysis-speech/target/classes:/Users/wunden/.m2/repository/org/opencastproject/matterhorn-analysis-api/0.9-SNAPSHOT/matterhorn-analysis-api-0.9-SNAPSHOT.jar:/Users/wunden/.m2/repository/org/opencastproject/matterhorn-kernel/0.9-SNAPSHOT/matterhorn-kernel-0.9-SNAPSHOT.jar:/Users/wunden/.m2/repository/org/apache/servicemix/specs/org.apache.servicemix.specs.jaxb-api-2.1/1.3.0/org.apache.servicemix.specs.jaxb-api-2.1-1.3.0.jar:/Users/wunden/.m2/repository/org/apache/servicemix/specs/org.apache.servicemix.specs.stax-api-1.0/1.3.0/org.apache.servicemix.specs.stax-api-1.0-1.3.0.jar:/Users/wunden/.m2/repository/org/apache/geronimo/specs/geronimo-activation_1.1_spec/1.0.2/geronimo-activation_1.1_spec-1.0.2.jar:/Users/wunden/.m2/repository/javax/ws/rs/jsr311-api/1.1.A/jsr311-api-1.1.A.jar:/Users/wunden/.m2/repository/org/freemarker/freemarker/2.3.15/freemarker-2.3.15.jar:/Users/wunden/.m2/repository/org/apache/httpcomponents/httpclient-osgi/4.0.1/httpclient-osgi-4.0.1.jar:/Users/wunden/.m2/repository/org/apache/httpcomponents/httpclient/4.0.1/httpclient-4.0.1.jar:/Users/wunden/.m2/repository/org/apache/httpcomponents/httpcore/4.0.1/httpcore-4.0.1.jar:/Users/wunden/.m2/repository/commons-logging/commons-logging/1.1.1/commons-logging-1.1.1.jar:/Users/wunden/.m2/repository/commons-codec/commons-codec/1.4/commons-codec-1.4.jar:/Users/wunden/.m2/repository/org/apache/httpcomponents/httpmime/4.0.1/httpmime-4.0.1.jar:/Users/wunden/.m2/repository/org/apache/james/apache-mime4j/0.6/apache-mime4j-0.6.jar:/Users/wunden/.m2/repository/commons-io/commons-io/1.4/commons-io-1.4.jar:/Users/wunden/.m2/repository/commons-lang/commons-lang/2.4/commons-lang-2.4.jar:/Users/wunden/.m2/repository/commons-collections/commons-collections/3.2.1/commons-collections-3.2.1.jar:/Users/wunden/.m2/repository/org/eclipse/persistence/javax.persistence/2.0.0/javax.persistence-2.0.0.jar:/Users/wunden/.m2/repository/org/opencastproject/opencast-truezip/0.1/opencast-truezip-0.1.jar:/Users/wunden/.m2/repository/org/apache/cxf/cxf-bundle-minimal/2.2.7/cxf-bundle-minimal-2.2.7.jar:/Users/wunden/.m2/repository/org/springframework/spring-core/2.5.6/spring-core-2.5.6.jar:/Users/wunden/.m2/repository/org/springframework/spring-beans/2.5.6/spring-beans-2.5.6.jar:/Users/wunden/.m2/repository/org/springframework/spring-context/2.5.6/spring-context-2.5.6.jar:/Users/wunden/.m2/repository/aopalliance/aopalliance/1.0/aopalliance-1.0.jar:/Users/wunden/.m2/repository/org/apache/geronimo/specs/geronimo-annotation_1.0_spec/1.1.1/geronimo-annotation_1.0_spec-1.1.1.jar:/Users/wunden/.m2/repository/javax/xml/bind/jaxb-api/2.1/jaxb-api-2.1.jar:/Users/wunden/.m2/repository/org/apache/geronimo/specs/geronimo-stax-api_1.0_spec/1.0.1/geronimo-stax-api_1.0_spec-1.0.1.jar:/Users/wunden/.m2/repository/wsdl4j/wsdl4j/1.6.2/wsdl4j-1.6.2.jar:/Users/wunden/.m2/repository/org/apache/ws/commons/schema/XmlSchema/1.4.5/XmlSchema-1.4.5.jar:/Users/wunden/.m2/repository/org/codehaus/woodstox/wstx-asl/3.2.9/wstx-asl-3.2.9.jar:/Users/wunden/.m2/repository/org/apache/neethi/neethi/2.0.4/neethi-2.0.4.jar:/Users/wunden/.m2/repository/com/sun/xml/bind/jaxb-impl/2.1.12/jaxb-impl-2.1.12.jar:/Users/wunden/.m2/repository/org/apache/geronimo/specs/geronimo-javamail_1.4_spec/1.6/geronimo-javamail_1.4_spec-1.6.jar:/Users/wunden/.m2/repository/org/springframework/spring-web/2.5.6/spring-web-2.5.6.jar:/Users/wunden/.m2/repository/org/mortbay/jetty/jetty/6.1.21/jetty-6.1.21.jar:/Users/wunden/.m2/repository/org/mortbay/jetty/jetty-util/6.1.21/jetty-util-6.1.21.jar:/Users/wunden/.m2/repository/org/slf4j/slf4j-api/1.5.8/slf4j-api-1.5.8.jar:/Users/wunden/.m2/repository/org/apache/geronimo/specs/geronimo-servlet_2.5_spec/1.2/geronimo-servlet_2.5_spec-1.2.jar:/Users/wunden/.m2/repository/org/apache/geronimo/specs/geronimo-jms_1.1_spec/1.1.1/geronimo-jms_1.1_spec-1.1.1.jar:/Users/wunden/.m2/repository/commons-pool/commons-pool/1.5.2/commons-pool-1.5.2.jar:/Users/wunden/.m2/repository/org/springframework/spring-jms/2.5.6/spring-jms-2.5.6.jar:/Users/wunden/.m2/repository/org/springframework/spring-context-support/2.5.6/spring-context-support-2.5.6.jar:/Users/wunden/.m2/repository/org/springframework/spring-tx/2.5.6/spring-tx-2.5.6.jar:/Users/wunden/.m2/repository/javax/xml/soap/saaj-api/1.3/saaj-api-1.3.jar:/Users/wunden/.m2/repository/com/sun/xml/bind/jaxb-xjc/2.1.12/jaxb-xjc-2.1.12.jar:/Users/wunden/.m2/repository/xml-resolver/xml-resolver/1.2/xml-resolver-1.2.jar:/Users/wunden/.m2/repository/org/apache/geronimo/specs/geronimo-jaxws_2.1_spec/1.0/geronimo-jaxws_2.1_spec-1.0.jar:/Users/wunden/.m2/repository/org/apache/geronimo/specs/geronimo-ws-metadata_2.0_spec/1.1.2/geronimo-ws-metadata_2.0_spec-1.1.2.jar:/Users/wunden/.m2/repository/asm/asm/2.2.3/asm-2.2.3.jar:/Users/wunden/.m2/repository/com/sun/xml/messaging/saaj/saaj-impl/1.3.2/saaj-impl-1.3.2.jar:/Users/wunden/.m2/repository/org/apache/xmlbeans/xmlbeans/2.4.0/xmlbeans-2.4.0.jar:/Users/wunden/.m2/repository/org/apache/ws/security/wss4j/1.5.8/wss4j-1.5.8.jar:/Users/wunden/.m2/repository/org/apache/santuario/xmlsec/1.4.3/xmlsec-1.4.3.jar:/Users/wunden/.m2/repository/xalan/xalan/2.7.1/xalan-2.7.1.jar:/Users/wunden/.m2/repository/xalan/serializer/2.7.1/serializer-2.7.1.jar:/Users/wunden/.m2/repository/xml-apis/xml-apis/1.3.02/xml-apis-1.3.02.jar:/Users/wunden/.m2/repository/org/bouncycastle/bcprov-jdk15/1.43/bcprov-jdk15-1.43.jar:/Users/wunden/.m2/repository/org/apache/abdera/abdera-core/0.4.0-incubating/abdera-core-0.4.0-incubating.jar:/Users/wunden/.m2/repository/org/apache/abdera/abdera-i18n/0.4.0-incubating/abdera-i18n-0.4.0-incubating.jar:/Users/wunden/.m2/repository/org/apache/abdera/abdera-parser/0.4.0-incubating/abdera-parser-0.4.0-incubating.jar:/Users/wunden/.m2/repository/org/apache/ws/commons/axiom/axiom-impl/1.2.7/axiom-impl-1.2.7.jar:/Users/wunden/.m2/repository/org/apache/ws/commons/axiom/axiom-api/1.2.7/axiom-api-1.2.7.jar:/Users/wunden/.m2/repository/jaxen/jaxen/1.1/jaxen-1.1.jar:/Users/wunden/.m2/repository/dom4j/dom4j/1.6.1/dom4j-1.6.1.jar:/Users/wunden/.m2/repository/xerces/xercesImpl/2.6.2/xercesImpl-2.6.2.jar:/Users/wunden/.m2/repository/xom/xom/1.0/xom-1.0.jar:/Users/wunden/.m2/repository/xerces/xmlParserAPIs/2.6.2/xmlParserAPIs-2.6.2.jar:/Users/wunden/.m2/repository/com/ibm/icu/icu4j/2.6.1/icu4j-2.6.1.jar:/Users/wunden/.m2/repository/org/apache/abdera/abdera-extensions-json/0.4.0-incubating/abdera-extensions-json-0.4.0-incubating.jar:/Users/wunden/.m2/repository/org/apache/abdera/abdera-extensions-main/0.4.0-incubating/abdera-extensions-main-0.4.0-incubating.jar:/Users/wunden/.m2/repository/org/codehaus/jettison/jettison/1.2/jettison-1.2.jar:/Users/wunden/.m2/repository/joda-time/joda-time/1.6/joda-time-1.6.jar:/Users/wunden/.m2/repository/org/opencastproject/matterhorn-mpeg7/0.9-SNAPSHOT/matterhorn-mpeg7-0.9-SNAPSHOT.jar:/Users/wunden/.m2/repository/org/opencastproject/matterhorn-metadata-api/0.9-SNAPSHOT/matterhorn-metadata-api-0.9-SNAPSHOT.jar:/Users/wunden/.m2/repository/org/opencastproject/matterhorn-remote-api/0.9-SNAPSHOT/matterhorn-remote-api-0.9-SNAPSHOT.jar:/Users/wunden/.m2/repository/org/opencastproject/matterhorn-workspace-api/0.9-SNAPSHOT/matterhorn-workspace-api-0.9-SNAPSHOT.jar:/Users/wunden/.m2/repository/org/opencastproject/matterhorn-working-file-repository-service-api/0.9-SNAPSHOT/matterhorn-working-file-repository-service-api-0.9-SNAPSHOT.jar:/Users/wunden/.m2/repository/cmu/sphinx/sphinx4/4.0/sphinx4-4.0.jar:/Users/wunden/.m2/repository/cmu/sphinx/js/4.0/js-4.0.jar:/Users/wunden/.m2/repository/cmu/sphinx/jsapi/4.0/jsapi-4.0.jar:/Users/wunden/.m2/repository/cmu/sphinx/tags/4.0/tags-4.0.jar:/Users/wunden/.m2/repository/cmu/sphinx/TIDIGITS_8gau_13dCep_16k_40mel_130Hz_6800Hz/4.0/TIDIGITS_8gau_13dCep_16k_40mel_130Hz_6800Hz-4.0.jar:/Users/wunden/.m2/repository/cmu/sphinx/WSJ_8gau_13dCep_16k_40mel_130Hz_6800Hz/4.0/WSJ_8gau_13dCep_16k_40mel_130Hz_6800Hz-4.0.jar:/Users/wunden/.m2/repository/cmu/sphinx/WSJ_8gau_13dCep_8kHz_31mel_200Hz_3500Hz/4.0/WSJ_8gau_13dCep_8kHz_31mel_200Hz_3500Hz-4.0.jar:/Users/wunden/.m2/repository/org/apache/maven/wagon/wagon-ftp/1.0-alpha-6/wagon-ftp-1.0-alpha-6.jar:/Users/wunden/.m2/repository/commons-net/commons-net/1.4.1/commons-net-1.4.1.jar:/Users/wunden/.m2/repository/oro/oro/2.0.8/oro-2.0.8.jar:/Users/wunden/.m2/repository/org/apache/maven/wagon/wagon-provider-api/1.0-alpha-6/wagon-provider-api-1.0-alpha-6.jar:/Users/wunden/.m2/repository/org/codehaus/plexus/plexus-utils/1.0.4/plexus-utils-1.0.4.jar:/Users/wunden/.m2/repository/org/tritonus/tritonus-share/0.3.6/tritonus-share-0.3.6.jar:/Users/wunden/.m2/repository/org/slf4j/slf4j-simple/1.5.8/slf4j-simple-1.5.8.jar:/Users/wunden/.m2/repository/org/easymock/easymock/2.5.1/easymock-2.5.1.jar:/Users/wunden/.m2/repository/org/osgi/osgi_R4_core/1.0/osgi_R4_core-1.0.jar:/Users/wunden/.m2/repository/org/osgi/osgi_R4_compendium/1.0/osgi_R4_compendium-1.0.jar:/Users/wunden/.m2/repository/junit/junit/4.5/junit-4.5.jar:"/>
    <property name="java.vm.specification.version" value="1.0"/>
    <property name="sun.arch.data.model" value="64"/>
    <property name="java.home" value="/System/Library/Frameworks/JavaVM.framework/Versions/1.6.0/Home"/>
    <property name="M2_REPO" value="/Users/wunden/.m2/repository"/>
    <property name="java.specification.vendor" value="Sun Microsystems Inc."/>
    <property name="user.language" value="en"/>
    <property name="awt.toolkit" value="apple.awt.CToolkit"/>
    <property name="java.vm.info" value="mixed mode"/>
    <property name="java.version" value="1.6.0_20"/>
    <property name="java.ext.dirs" value="/Library/Java/Extensions:/System/Library/Java/Extensions:/System/Library/Frameworks/JavaVM.framework/Versions/1.6.0/Home/lib/ext"/>
    <property name="sun.boot.class.path" value="/System/Library/Frameworks/JavaVM.framework/Versions/1.6.0/Classes/jsfd.jar:/System/Library/Frameworks/JavaVM.framework/Versions/1.6.0/Classes/classes.jar:/System/Library/Frameworks/JavaVM.framework/Frameworks/JavaRuntimeSupport.framework/Resources/Java/JavaRuntimeSupport.jar:/System/Library/Frameworks/JavaVM.framework/Versions/1.6.0/Classes/ui.jar:/System/Library/Frameworks/JavaVM.framework/Versions/1.6.0/Classes/laf.jar:/System/Library/Frameworks/JavaVM.framework/Versions/1.6.0/Classes/sunrsasign.jar:/System/Library/Frameworks/JavaVM.framework/Versions/1.6.0/Classes/jsse.jar:/System/Library/Frameworks/JavaVM.framework/Versions/1.6.0/Classes/jce.jar:/System/Library/Frameworks/JavaVM.framework/Versions/1.6.0/Classes/charsets.jar"/>
    <property name="java.vendor" value="Apple Inc."/>
    <property name="localRepository" value="/Users/wunden/.m2/repository"/>
    <property name="file.separator" value="/"/>
    <property name="java.vendor.url.bug" value="http://bugreport.apple.com/"/>
    <property name="sun.cpu.endian" value="little"/>
    <property name="sun.io.unicode.encoding" value="UnicodeLittle"/>
    <property name="mrj.version" value="1060.1.6.0_20-279"/>
    <property name="socksNonProxyHosts" value="local|*.local|169.254/16|*.169.254/16"/>
    <property name="ftp.nonProxyHosts" value="local|*.local|169.254/16|*.169.254/16"/>
    <property name="sun.cpu.isalist" value=""/>
    <property name="sun.awt.exception.handler" value="apple.awt.CToolkit$EventQueueExceptionHandler"/>
  </properties>
  <testcase time="1.003" classname="org.opencastproject.analysis.speech.SpeechAnalyzerTest" name="testAnalyze">
    <failure message="Error processing sample audio track /var/folders/cJ/cJLTmn+FF4iq56JgqUd-SE+++TI/-Tmp-/speechtest2672695500521119298.mpeg" type="java.lang.AssertionError">java.lang.AssertionError: Error processing sample audio track /var/folders/cJ/cJLTmn+FF4iq56JgqUd-SE+++TI/-Tmp-/speechtest2672695500521119298.mpeg
	at org.junit.Assert.fail(Assert.java:91)
	at org.opencastproject.analysis.speech.SpeechAnalyzerTest.testAnalyze(SpeechAnalyzerTest.java:117)
	at sun.reflect.NativeMethodAccessorImpl.invoke0(Native Method)
	at sun.reflect.NativeMethodAccessorImpl.invoke(NativeMethodAccessorImpl.java:39)
	at sun.reflect.DelegatingMethodAccessorImpl.invoke(DelegatingMethodAccessorImpl.java:25)
	at java.lang.reflect.Method.invoke(Method.java:597)
	at org.junit.runners.model.FrameworkMethod$1.runReflectiveCall(FrameworkMethod.java:44)
	at org.junit.internal.runners.model.ReflectiveCallable.run(ReflectiveCallable.java:15)
	at org.junit.runners.model.FrameworkMethod.invokeExplosively(FrameworkMethod.java:41)
	at org.junit.internal.runners.statements.InvokeMethod.evaluate(InvokeMethod.java:20)
	at org.junit.internal.runners.statements.RunBefores.evaluate(RunBefores.java:28)
	at org.junit.internal.runners.statements.RunAfters.evaluate(RunAfters.java:31)
	at org.junit.runners.BlockJUnit4ClassRunner.runChild(BlockJUnit4ClassRunner.java:73)
	at org.junit.runners.BlockJUnit4ClassRunner.runChild(BlockJUnit4ClassRunner.java:46)
	at org.junit.runners.ParentRunner.runChildren(ParentRunner.java:180)
	at org.junit.runners.ParentRunner.access$000(ParentRunner.java:41)
	at org.junit.runners.ParentRunner$1.evaluate(ParentRunner.java:173)
	at org.junit.internal.runners.statements.RunBefores.evaluate(RunBefores.java:28)
	at org.junit.internal.runners.statements.RunAfters.evaluate(RunAfters.java:31)
	at org.junit.runners.ParentRunner.run(ParentRunner.java:220)
	at org.apache.maven.surefire.junit4.JUnit4TestSet.execute(JUnit4TestSet.java:59)
	at org.apache.maven.surefire.suite.AbstractDirectoryTestSuite.executeTestSet(AbstractDirectoryTestSuite.java:115)
	at org.apache.maven.surefire.suite.AbstractDirectoryTestSuite.execute(AbstractDirectoryTestSuite.java:102)
	at org.apache.maven.surefire.Surefire.run(Surefire.java:180)
	at sun.reflect.NativeMethodAccessorImpl.invoke0(Native Method)
	at sun.reflect.NativeMethodAccessorImpl.invoke(NativeMethodAccessorImpl.java:39)
	at sun.reflect.DelegatingMethodAccessorImpl.invoke(DelegatingMethodAccessorImpl.java:25)
	at java.lang.reflect.Method.invoke(Method.java:597)
	at org.apache.maven.surefire.booter.SurefireBooter.runSuitesInProcess(SurefireBooter.java:350)
	at org.apache.maven.surefire.booter.SurefireBooter.main(SurefireBooter.java:1021)
</failure>
    <system-err>javax.sound.sampled.UnsupportedAudioFileException: could not get audio input stream from input URL
	at javax.sound.sampled.AudioSystem.getAudioInputStream(AudioSystem.java:1136)
	at org.opencastproject.analysis.speech.SpeechAnalyzer.analyze(SpeechAnalyzer.java:327)
	at org.opencastproject.analysis.speech.SpeechAnalyzerTest.testAnalyze(SpeechAnalyzerTest.java:111)
	at sun.reflect.NativeMethodAccessorImpl.invoke0(Native Method)
	at sun.reflect.NativeMethodAccessorImpl.invoke(NativeMethodAccessorImpl.java:39)
	at sun.reflect.DelegatingMethodAccessorImpl.invoke(DelegatingMethodAccessorImpl.java:25)
	at java.lang.reflect.Method.invoke(Method.java:597)
	at org.junit.runners.model.FrameworkMethod$1.runReflectiveCall(FrameworkMethod.java:44)
	at org.junit.internal.runners.model.ReflectiveCallable.run(ReflectiveCallable.java:15)
	at org.junit.runners.model.FrameworkMethod.invokeExplosively(FrameworkMethod.java:41)
	at org.junit.internal.runners.statements.InvokeMethod.evaluate(InvokeMethod.java:20)
	at org.junit.internal.runners.statements.RunBefores.evaluate(RunBefores.java:28)
	at org.junit.internal.runners.statements.RunAfters.evaluate(RunAfters.java:31)
	at org.junit.runners.BlockJUnit4ClassRunner.runChild(BlockJUnit4ClassRunner.java:73)
	at org.junit.runners.BlockJUnit4ClassRunner.runChild(BlockJUnit4ClassRunner.java:46)
	at org.junit.runners.ParentRunner.runChildren(ParentRunner.java:180)
	at org.junit.runners.ParentRunner.access$000(ParentRunner.java:41)
	at org.junit.runners.ParentRunner$1.evaluate(ParentRunner.java:173)
	at org.junit.internal.runners.statements.RunBefores.evaluate(RunBefores.java:28)
	at org.junit.internal.runners.statements.RunAfters.evaluate(RunAfters.java:31)
	at org.junit.runners.ParentRunner.run(ParentRunner.java:220)
	at org.apache.maven.surefire.junit4.JUnit4TestSet.execute(JUnit4TestSet.java:59)
	at org.apache.maven.surefire.suite.AbstractDirectoryTestSuite.executeTestSet(AbstractDirectoryTestSuite.java:115)
	at org.apache.maven.surefire.suite.AbstractDirectoryTestSuite.execute(AbstractDirectoryTestSuite.java:102)
	at org.apache.maven.surefire.Surefire.run(Surefire.java:180)
	at sun.reflect.NativeMethodAccessorImpl.invoke0(Native Method)
	at sun.reflect.NativeMethodAccessorImpl.invoke(NativeMethodAccessorImpl.java:39)
	at sun.reflect.DelegatingMethodAccessorImpl.invoke(DelegatingMethodAccessorImpl.java:25)
	at java.lang.reflect.Method.invoke(Method.java:597)
	at org.apache.maven.surefire.booter.SurefireBooter.runSuitesInProcess(SurefireBooter.java:350)
	at org.apache.maven.surefire.booter.SurefireBooter.main(SurefireBooter.java:1021)
</system-err>
  </testcase>
</testsuite>