<?xml version="1.0" encoding="UTF-8"?>
<scr:component xmlns:scr="http://www.osgi.org/xmlns/scr/v1.1.0"
        name="org.opencastproject.test.TestManagedService"
        immediate="true"
        activate="activate"
        deactivate="deactivate">
  <implementation class="org.opencastproject.test.TestManagedService"/>
  <property name="service.pid" value="org.opencastproject.test.TestManagedService"/>
  <property name="service.description" value="Testing ManagedServices"/>
  <service>
    <provide interface="org.osgi.service.cm.ManagedService"/>
  </service>
</scr:component>
