<?xml version="1.0" encoding="UTF-8" ?>
<testsuite failures="0" time="0.062" errors="1" skipped="0" tests="1" name="org.opencastproject.analysis.speech.ASRIndexerPluginTest">
  <properties>
    <property name="java.runtime.name" value="Java(TM) SE Runtime Environment"/>
    <property name="sun.boot.library.path" value="/System/Library/Frameworks/JavaVM.framework/Versions/1.6.0/Libraries"/>
    <property name="java.vm.version" value="16.3-b01-279"/>
    <property name="awt.nativeDoubleBuffering" value="true"/>
    <property name="gopherProxySet" value="false"/>
    <property name="mrj.build" value="10M3065"/>
    <property name="java.vm.vendor" value="Apple Inc."/>
    <property name="java.vendor.url" value="http://www.apple.com/"/>
    <property name="path.separator" value=":"/>
    <property name="java.vm.name" value="Java HotSpot(TM) 64-Bit Server VM"/>
    <property name="file.encoding.pkg" value="sun.io"/>
    <property name="user.country" value="US"/>
    <property name="sun.java.launcher" value="SUN_STANDARD"/>
    <property name="sun.os.patch.level" value="unknown"/>
    <property name="java.vm.specification.name" value="Java Virtual Machine Specification"/>
    <property name="user.dir" value="/Users/wunden/Library/Eclipse/Workspace/Opencast/matterhorn/trunk/modules/matterhorn-analysis-speech"/>
    <property name="java.runtime.version" value="1.6.0_20-b02-279-10M3065"/>
    <property name="java.awt.graphicsenv" value="apple.awt.CGraphicsEnvironment"/>
    <property name="basedir" value="/Users/wunden/Library/Eclipse/Workspace/Opencast/matterhorn/trunk/modules/matterhorn-analysis-speech"/>
    <property name="java.endorsed.dirs" value="/System/Library/Frameworks/JavaVM.framework/Versions/1.6.0/Home/lib/endorsed"/>
    <property name="os.arch" value="x86_64"/>
    <property name="surefire.real.class.path" value="/var/folders/cJ/cJLTmn+FF4iq56JgqUd-SE+++TI/-Tmp-/surefirebooter6125869822139416918.jar"/>
    <property name="java.io.tmpdir" value="/var/folders/cJ/cJLTmn+FF4iq56JgqUd-SE+++TI/-Tmp-/"/>
    <property name="line.separator" value="
"/>
    <property name="java.vm.specification.vendor" value="Sun Microsystems Inc."/>
    <property name="os.name" value="Mac OS X"/>
    <property name="sun.jnu.encoding" value="MacRoman"/>
    <property name="java.library.path" value=".:/Library/Java/Extensions:/System/Library/Java/Extensions:/usr/lib/java"/>
    <property name="surefire.test.class.path" value="/Users/wunden/Library/Eclipse/Workspace/Opencast/matterhorn/trunk/modules/matterhorn-analysis-speech/target/test-classes:/Users/wunden/Library/Eclipse/Workspace/Opencast/matterhorn/trunk/modules/matterhorn-analysis-speech/target/classes:/Users/wunden/.m2/repository/org/opencastproject/matterhorn-analysis-api/0.9-SNAPSHOT/matterhorn-analysis-api-0.9-SNAPSHOT.jar:/Users/wunden/.m2/repository/org/opencastproject/matterhorn-media/0.9-SNAPSHOT/matterhorn-media-0.9-SNAPSHOT.jar:/Users/wunden/.m2/repository/org/opencastproject/matterhorn-util/0.9-SNAPSHOT/matterhorn-util-0.9-SNAPSHOT.jar:/Users/wunden/.m2/repository/org/freemarker/freemarker/2.3.15/freemarker-2.3.15.jar:/Users/wunden/.m2/repository/commons-io/commons-io/1.4/commons-io-1.4.jar:/Users/wunden/.m2/repository/commons-codec/commons-codec/1.4/commons-codec-1.4.jar:/Users/wunden/.m2/repository/commons-lang/commons-lang/2.4/commons-lang-2.4.jar:/Users/wunden/.m2/repository/commons-collections/commons-collections/3.2.1/commons-collections-3.2.1.jar:/Users/wunden/.m2/repository/org/opencastproject/opencast-truezip/0.1/opencast-truezip-0.1.jar:/Users/wunden/.m2/repository/org/slf4j/slf4j-api/1.5.8/slf4j-api-1.5.8.jar:/Users/wunden/.m2/repository/joda-time/joda-time/1.6/joda-time-1.6.jar:/Users/wunden/.m2/repository/org/apache/servicemix/specs/org.apache.servicemix.specs.jaxb-api-2.1/1.3.0/org.apache.servicemix.specs.jaxb-api-2.1-1.3.0.jar:/Users/wunden/.m2/repository/org/apache/servicemix/specs/org.apache.servicemix.specs.stax-api-1.0/1.3.0/org.apache.servicemix.specs.stax-api-1.0-1.3.0.jar:/Users/wunden/.m2/repository/org/apache/geronimo/specs/geronimo-activation_1.1_spec/1.0.2/geronimo-activation_1.1_spec-1.0.2.jar:/Users/wunden/.m2/repository/org/opencastproject/matterhorn-mpeg7/0.9-SNAPSHOT/matterhorn-mpeg7-0.9-SNAPSHOT.jar:/Users/wunden/.m2/repository/org/opencastproject/matterhorn-metadata-api/0.9-SNAPSHOT/matterhorn-metadata-api-0.9-SNAPSHOT.jar:/Users/wunden/.m2/repository/org/opencastproject/matterhorn-security-api/0.9-SNAPSHOT/matterhorn-security-api-0.9-SNAPSHOT.jar:/Users/wunden/.m2/repository/org/apache/httpcomponents/httpclient-osgi/4.0.1/httpclient-osgi-4.0.1.jar:/Users/wunden/.m2/repository/org/apache/httpcomponents/httpclient/4.0.1/httpclient-4.0.1.jar:/Users/wunden/.m2/repository/org/apache/httpcomponents/httpcore/4.0.1/httpcore-4.0.1.jar:/Users/wunden/.m2/repository/commons-logging/commons-logging/1.1.1/commons-logging-1.1.1.jar:/Users/wunden/.m2/repository/org/apache/httpcomponents/httpmime/4.0.1/httpmime-4.0.1.jar:/Users/wunden/.m2/repository/org/apache/james/apache-mime4j/0.6/apache-mime4j-0.6.jar:/Users/wunden/.m2/repository/org/opencastproject/matterhorn-remote-api/0.9-SNAPSHOT/matterhorn-remote-api-0.9-SNAPSHOT.jar:/Users/wunden/.m2/repository/org/opencastproject/matterhorn-workspace-api/0.9-SNAPSHOT/matterhorn-workspace-api-0.9-SNAPSHOT.jar:/Users/wunden/.m2/repository/org/opencastproject/matterhorn-working-file-repository-service-api/0.9-SNAPSHOT/matterhorn-working-file-repository-service-api-0.9-SNAPSHOT.jar:/Users/wunden/.m2/repository/cmu/sphinx/sphinx4/4.0/sphinx4-4.0.jar:/Users/wunden/.m2/repository/cmu/sphinx/js/4.0/js-4.0.jar:/Users/wunden/.m2/repository/cmu/sphinx/jsapi/4.0/jsapi-4.0.jar:/Users/wunden/.m2/repository/cmu/sphinx/tags/4.0/tags-4.0.jar:/Users/wunden/.m2/repository/cmu/sphinx/TIDIGITS_8gau_13dCep_16k_40mel_130Hz_6800Hz/4.0/TIDIGITS_8gau_13dCep_16k_40mel_130Hz_6800Hz-4.0.jar:/Users/wunden/.m2/repository/cmu/sphinx/WSJ_8gau_13dCep_16k_40mel_130Hz_6800Hz/4.0/WSJ_8gau_13dCep_16k_40mel_130Hz_6800Hz-4.0.jar:/Users/wunden/.m2/repository/cmu/sphinx/WSJ_8gau_13dCep_8kHz_31mel_200Hz_3500Hz/4.0/WSJ_8gau_13dCep_8kHz_31mel_200Hz_3500Hz-4.0.jar:/Users/wunden/.m2/repository/org/apache/maven/wagon/wagon-ftp/1.0-alpha-6/wagon-ftp-1.0-alpha-6.jar:/Users/wunden/.m2/repository/commons-net/commons-net/1.4.1/commons-net-1.4.1.jar:/Users/wunden/.m2/repository/oro/oro/2.0.8/oro-2.0.8.jar:/Users/wunden/.m2/repository/org/apache/maven/wagon/wagon-provider-api/1.0-alpha-6/wagon-provider-api-1.0-alpha-6.jar:/Users/wunden/.m2/repository/org/codehaus/plexus/plexus-utils/1.0.4/plexus-utils-1.0.4.jar:/Users/wunden/.m2/repository/org/tritonus/tritonus-share/0.3.6/tritonus-share-0.3.6.jar:/Users/wunden/.m2/repository/org/tritonus/tritonus-jorbis/0.3.6/tritonus-jorbis-0.3.6.jar:/Users/wunden/.m2/repository/org/slf4j/slf4j-simple/1.5.8/slf4j-simple-1.5.8.jar:/Users/wunden/.m2/repository/org/easymock/easymock/2.5.1/easymock-2.5.1.jar:/Users/wunden/.m2/repository/org/osgi/osgi_R4_core/1.0/osgi_R4_core-1.0.jar:/Users/wunden/.m2/repository/org/osgi/osgi_R4_compendium/1.0/osgi_R4_compendium-1.0.jar:/Users/wunden/.m2/repository/junit/junit/4.5/junit-4.5.jar:"/>
    <property name="java.specification.name" value="Java Platform API Specification"/>
    <property name="java.class.version" value="50.0"/>
    <property name="sun.management.compiler" value="HotSpot 64-Bit Server Compiler"/>
    <property name="os.version" value="10.6.4"/>
    <property name="http.nonProxyHosts" value="local|*.local|169.254/16|*.169.254/16"/>
    <property name="user.home" value="/Users/wunden"/>
    <property name="user.timezone" value=""/>
    <property name="java.awt.printerjob" value="apple.awt.CPrinterJob"/>
    <property name="java.specification.version" value="1.6"/>
    <property name="file.encoding" value="MacRoman"/>
    <property name="user.name" value="wunden"/>
    <property name="java.class.path" value="/Users/wunden/Library/Eclipse/Workspace/Opencast/matterhorn/trunk/modules/matterhorn-analysis-speech/target/test-classes:/Users/wunden/Library/Eclipse/Workspace/Opencast/matterhorn/trunk/modules/matterhorn-analysis-speech/target/classes:/Users/wunden/.m2/repository/org/opencastproject/matterhorn-analysis-api/0.9-SNAPSHOT/matterhorn-analysis-api-0.9-SNAPSHOT.jar:/Users/wunden/.m2/repository/org/opencastproject/matterhorn-media/0.9-SNAPSHOT/matterhorn-media-0.9-SNAPSHOT.jar:/Users/wunden/.m2/repository/org/opencastproject/matterhorn-util/0.9-SNAPSHOT/matterhorn-util-0.9-SNAPSHOT.jar:/Users/wunden/.m2/repository/org/freemarker/freemarker/2.3.15/freemarker-2.3.15.jar:/Users/wunden/.m2/repository/commons-io/commons-io/1.4/commons-io-1.4.jar:/Users/wunden/.m2/repository/commons-codec/commons-codec/1.4/commons-codec-1.4.jar:/Users/wunden/.m2/repository/commons-lang/commons-lang/2.4/commons-lang-2.4.jar:/Users/wunden/.m2/repository/commons-collections/commons-collections/3.2.1/commons-collections-3.2.1.jar:/Users/wunden/.m2/repository/org/opencastproject/opencast-truezip/0.1/opencast-truezip-0.1.jar:/Users/wunden/.m2/repository/org/slf4j/slf4j-api/1.5.8/slf4j-api-1.5.8.jar:/Users/wunden/.m2/repository/joda-time/joda-time/1.6/joda-time-1.6.jar:/Users/wunden/.m2/repository/org/apache/servicemix/specs/org.apache.servicemix.specs.jaxb-api-2.1/1.3.0/org.apache.servicemix.specs.jaxb-api-2.1-1.3.0.jar:/Users/wunden/.m2/repository/org/apache/servicemix/specs/org.apache.servicemix.specs.stax-api-1.0/1.3.0/org.apache.servicemix.specs.stax-api-1.0-1.3.0.jar:/Users/wunden/.m2/repository/org/apache/geronimo/specs/geronimo-activation_1.1_spec/1.0.2/geronimo-activation_1.1_spec-1.0.2.jar:/Users/wunden/.m2/repository/org/opencastproject/matterhorn-mpeg7/0.9-SNAPSHOT/matterhorn-mpeg7-0.9-SNAPSHOT.jar:/Users/wunden/.m2/repository/org/opencastproject/matterhorn-metadata-api/0.9-SNAPSHOT/matterhorn-metadata-api-0.9-SNAPSHOT.jar:/Users/wunden/.m2/repository/org/opencastproject/matterhorn-security-api/0.9-SNAPSHOT/matterhorn-security-api-0.9-SNAPSHOT.jar:/Users/wunden/.m2/repository/org/apache/httpcomponents/httpclient-osgi/4.0.1/httpclient-osgi-4.0.1.jar:/Users/wunden/.m2/repository/org/apache/httpcomponents/httpclient/4.0.1/httpclient-4.0.1.jar:/Users/wunden/.m2/repository/org/apache/httpcomponents/httpcore/4.0.1/httpcore-4.0.1.jar:/Users/wunden/.m2/repository/commons-logging/commons-logging/1.1.1/commons-logging-1.1.1.jar:/Users/wunden/.m2/repository/org/apache/httpcomponents/httpmime/4.0.1/httpmime-4.0.1.jar:/Users/wunden/.m2/repository/org/apache/james/apache-mime4j/0.6/apache-mime4j-0.6.jar:/Users/wunden/.m2/repository/org/opencastproject/matterhorn-remote-api/0.9-SNAPSHOT/matterhorn-remote-api-0.9-SNAPSHOT.jar:/Users/wunden/.m2/repository/org/opencastproject/matterhorn-workspace-api/0.9-SNAPSHOT/matterhorn-workspace-api-0.9-SNAPSHOT.jar:/Users/wunden/.m2/repository/org/opencastproject/matterhorn-working-file-repository-service-api/0.9-SNAPSHOT/matterhorn-working-file-repository-service-api-0.9-SNAPSHOT.jar:/Users/wunden/.m2/repository/cmu/sphinx/sphinx4/4.0/sphinx4-4.0.jar:/Users/wunden/.m2/repository/cmu/sphinx/js/4.0/js-4.0.jar:/Users/wunden/.m2/repository/cmu/sphinx/jsapi/4.0/jsapi-4.0.jar:/Users/wunden/.m2/repository/cmu/sphinx/tags/4.0/tags-4.0.jar:/Users/wunden/.m2/repository/cmu/sphinx/TIDIGITS_8gau_13dCep_16k_40mel_130Hz_6800Hz/4.0/TIDIGITS_8gau_13dCep_16k_40mel_130Hz_6800Hz-4.0.jar:/Users/wunden/.m2/repository/cmu/sphinx/WSJ_8gau_13dCep_16k_40mel_130Hz_6800Hz/4.0/WSJ_8gau_13dCep_16k_40mel_130Hz_6800Hz-4.0.jar:/Users/wunden/.m2/repository/cmu/sphinx/WSJ_8gau_13dCep_8kHz_31mel_200Hz_3500Hz/4.0/WSJ_8gau_13dCep_8kHz_31mel_200Hz_3500Hz-4.0.jar:/Users/wunden/.m2/repository/org/apache/maven/wagon/wagon-ftp/1.0-alpha-6/wagon-ftp-1.0-alpha-6.jar:/Users/wunden/.m2/repository/commons-net/commons-net/1.4.1/commons-net-1.4.1.jar:/Users/wunden/.m2/repository/oro/oro/2.0.8/oro-2.0.8.jar:/Users/wunden/.m2/repository/org/apache/maven/wagon/wagon-provider-api/1.0-alpha-6/wagon-provider-api-1.0-alpha-6.jar:/Users/wunden/.m2/repository/org/codehaus/plexus/plexus-utils/1.0.4/plexus-utils-1.0.4.jar:/Users/wunden/.m2/repository/org/tritonus/tritonus-share/0.3.6/tritonus-share-0.3.6.jar:/Users/wunden/.m2/repository/org/tritonus/tritonus-jorbis/0.3.6/tritonus-jorbis-0.3.6.jar:/Users/wunden/.m2/repository/org/slf4j/slf4j-simple/1.5.8/slf4j-simple-1.5.8.jar:/Users/wunden/.m2/repository/org/easymock/easymock/2.5.1/easymock-2.5.1.jar:/Users/wunden/.m2/repository/org/osgi/osgi_R4_core/1.0/osgi_R4_core-1.0.jar:/Users/wunden/.m2/repository/org/osgi/osgi_R4_compendium/1.0/osgi_R4_compendium-1.0.jar:/Users/wunden/.m2/repository/junit/junit/4.5/junit-4.5.jar:"/>
    <property name="java.vm.specification.version" value="1.0"/>
    <property name="sun.arch.data.model" value="64"/>
    <property name="java.home" value="/System/Library/Frameworks/JavaVM.framework/Versions/1.6.0/Home"/>
    <property name="M2_REPO" value="/Users/wunden/.m2/repository"/>
    <property name="java.specification.vendor" value="Sun Microsystems Inc."/>
    <property name="user.language" value="en"/>
    <property name="awt.toolkit" value="apple.awt.CToolkit"/>
    <property name="java.vm.info" value="mixed mode"/>
    <property name="java.version" value="1.6.0_20"/>
    <property name="java.ext.dirs" value="/Library/Java/Extensions:/System/Library/Java/Extensions:/System/Library/Frameworks/JavaVM.framework/Versions/1.6.0/Home/lib/ext"/>
    <property name="sun.boot.class.path" value="/System/Library/Frameworks/JavaVM.framework/Versions/1.6.0/Classes/jsfd.jar:/System/Library/Frameworks/JavaVM.framework/Versions/1.6.0/Classes/classes.jar:/System/Library/Frameworks/JavaVM.framework/Frameworks/JavaRuntimeSupport.framework/Resources/Java/JavaRuntimeSupport.jar:/System/Library/Frameworks/JavaVM.framework/Versions/1.6.0/Classes/ui.jar:/System/Library/Frameworks/JavaVM.framework/Versions/1.6.0/Classes/laf.jar:/System/Library/Frameworks/JavaVM.framework/Versions/1.6.0/Classes/sunrsasign.jar:/System/Library/Frameworks/JavaVM.framework/Versions/1.6.0/Classes/jsse.jar:/System/Library/Frameworks/JavaVM.framework/Versions/1.6.0/Classes/jce.jar:/System/Library/Frameworks/JavaVM.framework/Versions/1.6.0/Classes/charsets.jar"/>
    <property name="java.vendor" value="Apple Inc."/>
    <property name="localRepository" value="/Users/wunden/.m2/repository"/>
    <property name="file.separator" value="/"/>
    <property name="java.vendor.url.bug" value="http://bugreport.apple.com/"/>
    <property name="sun.cpu.endian" value="little"/>
    <property name="sun.io.unicode.encoding" value="UnicodeLittle"/>
    <property name="mrj.version" value="1060.1.6.0_20-279"/>
    <property name="socksNonProxyHosts" value="local|*.local|169.254/16|*.169.254/16"/>
    <property name="ftp.nonProxyHosts" value="local|*.local|169.254/16|*.169.254/16"/>
    <property name="sun.cpu.isalist" value=""/>
  </properties>
  <testcase time="0.005" classname="org.opencastproject.analysis.speech.ASRIndexerPluginTest" name="initializationError">
    <error message="BundleException" type="java.lang.NoClassDefFoundError">java.lang.NoClassDefFoundError: BundleException
	at java.lang.Class.getDeclaredMethods0(Native Method)
	at java.lang.Class.privateGetDeclaredMethods(Class.java:2427)
	at java.lang.Class.getMethod0(Class.java:2670)
	at java.lang.Class.getMethod(Class.java:1603)
	at org.junit.internal.builders.SuiteMethodBuilder.hasSuiteMethod(SuiteMethodBuilder.java:20)
	at org.junit.internal.builders.SuiteMethodBuilder.runnerForClass(SuiteMethodBuilder.java:13)
	at org.junit.runners.model.RunnerBuilder.safeRunnerForClass(RunnerBuilder.java:57)
	at org.junit.internal.builders.AllDefaultPossibilitiesBuilder.runnerForClass(AllDefaultPossibilitiesBuilder.java:29)
	at org.junit.runners.model.RunnerBuilder.safeRunnerForClass(RunnerBuilder.java:57)
	at org.junit.internal.requests.ClassRequest.getRunner(ClassRequest.java:24)
	at org.apache.maven.surefire.junit4.JUnit4TestSet.execute(JUnit4TestSet.java:51)
	at org.apache.maven.surefire.suite.AbstractDirectoryTestSuite.executeTestSet(AbstractDirectoryTestSuite.java:115)
	at org.apache.maven.surefire.suite.AbstractDirectoryTestSuite.execute(AbstractDirectoryTestSuite.java:102)
	at org.apache.maven.surefire.Surefire.run(Surefire.java:180)
	at sun.reflect.NativeMethodAccessorImpl.invoke0(Native Method)
	at sun.reflect.NativeMethodAccessorImpl.invoke(NativeMethodAccessorImpl.java:39)
	at sun.reflect.DelegatingMethodAccessorImpl.invoke(DelegatingMethodAccessorImpl.java:25)
	at java.lang.reflect.Method.invoke(Method.java:597)
	at org.apache.maven.surefire.booter.SurefireBooter.runSuitesInProcess(SurefireBooter.java:350)
	at org.apache.maven.surefire.booter.SurefireBooter.main(SurefireBooter.java:1021)
Caused by: java.lang.ClassNotFoundException: BundleException
	at java.net.URLClassLoader$1.run(URLClassLoader.java:202)
	at java.security.AccessController.doPrivileged(Native Method)
	at java.net.URLClassLoader.findClass(URLClassLoader.java:190)
	at java.lang.ClassLoader.loadClass(ClassLoader.java:307)
	at sun.misc.Launcher$AppClassLoader.loadClass(Launcher.java:301)
	at java.lang.ClassLoader.loadClass(ClassLoader.java:248)
	... 20 more
</error>
  </testcase>
</testsuite>